Fitter report for max2
Thu Jan 07 11:16:25 2010
Quartus II Version 9.0 Build 132 02/25/2009 SJ Full Version


---------------------
; Table of Contents ;
---------------------
  1. Legal Notice
  2. Fitter Summary
  3. Fitter Settings
  4. Parallel Compilation
  5. Pin-Out File
  6. Fitter Resource Usage Summary
  7. Input Pins
  8. Output Pins
  9. Bidir Pins
 10. I/O Bank Usage
 11. All Package Pins
 12. Output Pin Default Load For Reported TCO
 13. Fitter Resource Utilization by Entity
 14. Delay Chain Summary
 15. Control Signals
 16. Global & Other Fast Signals
 17. Non-Global High Fan-Out Signals
 18. Interconnect Usage Summary
 19. LAB Logic Elements
 20. LAB-wide Signals
 21. LAB Signals Sourced
 22. LAB Signals Sourced Out
 23. LAB Distinct Inputs
 24. Fitter Device Options
 25. Estimated Delay Added for Hold Timing
 26. Fitter Messages
 27. Fitter Suppressed Messages



----------------
; Legal Notice ;
----------------
Copyright (C) 1991-2009 Altera Corporation
Your use of Altera Corporation's design tools, logic functions 
and other software and tools, and its AMPP partner logic 
functions, and any output files from any of the foregoing 
(including device programming or simulation files), and any 
associated documentation or information are expressly subject 
to the terms and conditions of the Altera Program License 
Subscription Agreement, Altera MegaCore Function License 
Agreement, or other applicable license agreement, including, 
without limitation, that your use is for the sole purpose of 
programming logic devices manufactured by Altera and sold by 
Altera or its authorized distributors.  Please refer to the 
applicable agreement for further details.



+------------------------------------------------------------------+
; Fitter Summary                                                   ;
+-----------------------+------------------------------------------+
; Fitter Status         ; Successful - Thu Jan 07 11:16:25 2010    ;
; Quartus II Version    ; 9.0 Build 132 02/25/2009 SJ Full Version ;
; Revision Name         ; max2                                     ;
; Top-level Entity Name ; max2                                     ;
; Family                ; MAX II                                   ;
; Device                ; EPM240T100C5                             ;
; Timing Models         ; Final                                    ;
; Total logic elements  ; 107 / 240 ( 45 % )                       ;
; Total pins            ; 80 / 80 ( 100 % )                        ;
; Total virtual pins    ; 0                                        ;
; UFM blocks            ; 1 / 1 ( 100 % )                          ;
+-----------------------+------------------------------------------+


+--------------------------------------------------------------------------------------------------------------------------------------+
; Fitter Settings                                                                                                                      ;
+--------------------------------------------------------------------+--------------------------------+--------------------------------+
; Option                                                             ; Setting                        ; Default Value                  ;
+--------------------------------------------------------------------+--------------------------------+--------------------------------+
; Device                                                             ; EPM240T100C5                   ;                                ;
; Fit Attempts to Skip                                               ; 0                              ; 0.0                            ;
; Use smart compilation                                              ; Off                            ; Off                            ;
; Use TimeQuest Timing Analyzer                                      ; Off                            ; Off                            ;
; Router Timing Optimization Level                                   ; Normal                         ; Normal                         ;
; Placement Effort Multiplier                                        ; 1.0                            ; 1.0                            ;
; Router Effort Multiplier                                           ; 1.0                            ; 1.0                            ;
; Always Enable Input Buffers                                        ; Off                            ; Off                            ;
; Optimize Hold Timing                                               ; IO Paths and Minimum TPD Paths ; IO Paths and Minimum TPD Paths ;
; Optimize Multi-Corner Timing                                       ; Off                            ; Off                            ;
; Guarantee I/O Paths Have Zero Hold Time at Fast Corner             ; On                             ; On                             ;
; PowerPlay Power Optimization                                       ; Normal compilation             ; Normal compilation             ;
; Optimize Timing                                                    ; Normal compilation             ; Normal compilation             ;
; Optimize Timing for ECOs                                           ; Off                            ; Off                            ;
; Regenerate full fit report during ECO compiles                     ; Off                            ; Off                            ;
; Optimize IOC Register Placement for Timing                         ; On                             ; On                             ;
; Limit to One Fitting Attempt                                       ; Off                            ; Off                            ;
; Final Placement Optimizations                                      ; Automatically                  ; Automatically                  ;
; Fitter Aggressive Routability Optimizations                        ; Automatically                  ; Automatically                  ;
; Fitter Initial Placement Seed                                      ; 1                              ; 1                              ;
; Slow Slew Rate                                                     ; Off                            ; Off                            ;
; PCI I/O                                                            ; Off                            ; Off                            ;
; Weak Pull-Up Resistor                                              ; Off                            ; Off                            ;
; Enable Bus-Hold Circuitry                                          ; Off                            ; Off                            ;
; Auto Delay Chains                                                  ; On                             ; On                             ;
; Perform Physical Synthesis for Combinational Logic for Performance ; Off                            ; Off                            ;
; Perform Register Duplication for Performance                       ; Off                            ; Off                            ;
; Perform Register Retiming for Performance                          ; Off                            ; Off                            ;
; Perform Asynchronous Signal Pipelining                             ; Off                            ; Off                            ;
; Fitter Effort                                                      ; Auto Fit                       ; Auto Fit                       ;
; Physical Synthesis Effort Level                                    ; Normal                         ; Normal                         ;
; Logic Cell Insertion - Logic Duplication                           ; Auto                           ; Auto                           ;
; Auto Register Duplication                                          ; Auto                           ; Auto                           ;
; Auto Global Clock                                                  ; On                             ; On                             ;
; Auto Global Register Control Signals                               ; On                             ; On                             ;
; Stop After Congestion Map Generation                               ; Off                            ; Off                            ;
; Save Intermediate Fitting Results                                  ; Off                            ; Off                            ;
; Force Fitter to Avoid Periphery Placement Warnings                 ; Off                            ; Off                            ;
+--------------------------------------------------------------------+--------------------------------+--------------------------------+


+------------------------------------------+
; Parallel Compilation                     ;
+----------------------------+-------------+
; Processors                 ; Number      ;
+----------------------------+-------------+
; Number detected on machine ; 2           ;
; Maximum allowed            ; 2           ;
;                            ;             ;
; Average used               ; 1.00        ;
; Maximum used               ; 2           ;
;                            ;             ;
; Usage by Processor         ; % Time Used ;
;     1 processor            ; 100.0%      ;
;     2 processors           ; < 0.1%      ;
+----------------------------+-------------+


+--------------+
; Pin-Out File ;
+--------------+
The pin-out file can be found in C:/altera/nanohod/max2notes2/max2.pin.


+------------------------------------------------------------------------------------------------------------+
; Fitter Resource Usage Summary                                                                              ;
+---------------------------------------------+--------------------------------------------------------------+
; Resource                                    ; Usage                                                        ;
+---------------------------------------------+--------------------------------------------------------------+
; Total logic elements                        ; 107 / 240 ( 45 % )                                           ;
;     -- Combinational with no register       ; 60                                                           ;
;     -- Register only                        ; 7                                                            ;
;     -- Combinational with a register        ; 40                                                           ;
;                                             ;                                                              ;
; Logic element usage by number of LUT inputs ;                                                              ;
;     -- 4 input functions                    ; 51                                                           ;
;     -- 3 input functions                    ; 5                                                            ;
;     -- 2 input functions                    ; 40                                                           ;
;     -- 1 input functions                    ; 3                                                            ;
;     -- 0 input functions                    ; 1                                                            ;
;                                             ;                                                              ;
; Logic elements by mode                      ;                                                              ;
;     -- normal mode                          ; 75                                                           ;
;     -- arithmetic mode                      ; 32                                                           ;
;     -- qfbk mode                            ; 5                                                            ;
;     -- register cascade mode                ; 0                                                            ;
;     -- synchronous clear/load mode          ; 11                                                           ;
;     -- asynchronous clear/load mode         ; 23                                                           ;
;                                             ;                                                              ;
; Total registers                             ; 47 / 240 ( 20 % )                                            ;
; Total LABs                                  ; 16 / 24 ( 67 % )                                             ;
; Logic elements in carry chains              ; 34                                                           ;
; User inserted logic elements                ; 0                                                            ;
; Virtual pins                                ; 0                                                            ;
; I/O pins                                    ; 80 / 80 ( 100 % )                                            ;
;     -- Clock pins                           ; 4                                                            ;
; Global signals                              ; 3                                                            ;
; UFM blocks                                  ; 1 / 1 ( 100 % )                                              ;
; Global clocks                               ; 3 / 4 ( 75 % )                                               ;
; JTAGs                                       ; 0 / 1 ( 0 % )                                                ;
; Average interconnect usage (total/H/V)      ; 10% / 10% / 10%                                              ;
; Peak interconnect usage (total/H/V)         ; 10% / 10% / 10%                                              ;
; Maximum fan-out node                        ; altufm_none:inst50|altufm_none_8hj:auto_generated|ufm_drdout ;
; Maximum fan-out                             ; 46                                                           ;
; Highest non-global fan-out signal           ; music:inst52|note[3]                                         ;
; Highest non-global fan-out                  ; 22                                                           ;
; Total fan-out                               ; 434                                                          ;
; Average fan-out                             ; 2.31                                                         ;
+---------------------------------------------+--------------------------------------------------------------+


+-------------------------------------------------------------------------------------------------------------------------------------------------------------------------------------------------------------------------------------+
; Input Pins                                                                                                                                                                                                                          ;
+----------------+-------+----------+--------------+--------------+-------------+-----------------------+--------------------+--------+-----------------+----------+--------------+----------------------------+----------------------+
; Name           ; Pin # ; I/O Bank ; X coordinate ; Y coordinate ; Cell number ; Combinational Fan-Out ; Registered Fan-Out ; Global ; PCI I/O Enabled ; Bus Hold ; Weak Pull Up ; I/O Standard               ; Location assigned by ;
+----------------+-------+----------+--------------+--------------+-------------+-----------------------+--------------------+--------+-----------------+----------+--------------+----------------------------+----------------------+
; key[0]         ; 18    ; 1        ; 1            ; 1            ; 0           ; 0                     ; 0                  ; no     ; no              ; no       ; On           ; 3.3V Schmitt Trigger Input ; User                 ;
; key[1]         ; 17    ; 1        ; 1            ; 2            ; 3           ; 0                     ; 0                  ; no     ; no              ; no       ; On           ; 3.3V Schmitt Trigger Input ; User                 ;
; key[2]         ; 16    ; 1        ; 1            ; 2            ; 2           ; 0                     ; 0                  ; no     ; no              ; no       ; On           ; 3.3V Schmitt Trigger Input ; User                 ;
; key[3]         ; 15    ; 1        ; 1            ; 2            ; 1           ; 9                     ; 0                  ; yes    ; no              ; no       ; On           ; 3.3V Schmitt Trigger Input ; User                 ;
; outside_gnd[0] ; 90    ; 2        ; 4            ; 5            ; 1           ; 0                     ; 0                  ; no     ; no              ; no       ; Off          ; 3.3-V LVTTL                ; User                 ;
; outside_gnd[1] ; 37    ; 1        ; 4            ; 0            ; 1           ; 0                     ; 0                  ; no     ; no              ; no       ; Off          ; 3.3-V LVTTL                ; User                 ;
; outside_vcc[0] ; 88    ; 2        ; 5            ; 5            ; 3           ; 0                     ; 0                  ; no     ; no              ; no       ; Off          ; 3.3-V LVTTL                ; User                 ;
; outside_vcc[1] ; 39    ; 1        ; 5            ; 0            ; 3           ; 0                     ; 0                  ; no     ; no              ; no       ; Off          ; 3.3-V LVTTL                ; User                 ;
; pt_left        ; 61    ; 2        ; 8            ; 2            ; 1           ; 0                     ; 0                  ; no     ; no              ; no       ; Off          ; 3.3-V LVTTL                ; User                 ;
; pt_right       ; 75    ; 2        ; 7            ; 5            ; 0           ; 0                     ; 0                  ; no     ; no              ; no       ; Off          ; 3.3-V LVTTL                ; User                 ;
+----------------+-------+----------+--------------+--------------+-------------+-----------------------+--------------------+--------+-----------------+----------+--------------+----------------------------+----------------------+


+-----------------------------------------------------------------------------------------------------------------------------------------------------------------------------------------------------------------------------------------------------------------------------+
; Output Pins                                                                                                                                                                                                                                                                 ;
+--------+-------+----------+--------------+--------------+-------------+-----------------+----------------+-----------------+------------+---------------+----------+--------------+--------------+------------------+------------------------+----------------------+-------+
; Name   ; Pin # ; I/O Bank ; X coordinate ; Y coordinate ; Cell number ; Output Register ; Slow Slew Rate ; PCI I/O Enabled ; Open Drain ; TRI Primitive ; Bus Hold ; Weak Pull Up ; I/O Standard ; Current Strength ; Fast Output Connection ; Location assigned by ; Load  ;
+--------+-------+----------+--------------+--------------+-------------+-----------------+----------------+-----------------+------------+---------------+----------+--------------+--------------+------------------+------------------------+----------------------+-------+
; f0[0]  ; 1     ; 2        ; 2            ; 5            ; 3           ; no              ; no             ; no              ; no         ; no            ; no       ; Off          ; 3.3-V LVTTL  ; 16mA             ; no                     ; User                 ; 10 pF ;
; f0[1]  ; 8     ; 1        ; 1            ; 3            ; 2           ; no              ; no             ; no              ; no         ; no            ; no       ; Off          ; 3.3-V LVTTL  ; 16mA             ; no                     ; User                 ; 10 pF ;
; f0[2]  ; 7     ; 1        ; 1            ; 3            ; 1           ; no              ; no             ; no              ; no         ; no            ; no       ; Off          ; 3.3-V LVTTL  ; 16mA             ; no                     ; User                 ; 10 pF ;
; f0[3]  ; 6     ; 1        ; 1            ; 3            ; 0           ; no              ; no             ; no              ; no         ; no            ; no       ; Off          ; 3.3-V LVTTL  ; 16mA             ; no                     ; User                 ; 10 pF ;
; f0[4]  ; 5     ; 1        ; 1            ; 4            ; 3           ; no              ; no             ; no              ; no         ; no            ; no       ; Off          ; 3.3-V LVTTL  ; 16mA             ; no                     ; User                 ; 10 pF ;
; f0[5]  ; 4     ; 1        ; 1            ; 4            ; 2           ; no              ; no             ; no              ; no         ; no            ; no       ; Off          ; 3.3-V LVTTL  ; 16mA             ; no                     ; User                 ; 10 pF ;
; f0[6]  ; 3     ; 1        ; 1            ; 4            ; 1           ; no              ; no             ; no              ; no         ; no            ; no       ; Off          ; 3.3-V LVTTL  ; 16mA             ; no                     ; User                 ; 10 pF ;
; f0[7]  ; 2     ; 1        ; 1            ; 4            ; 0           ; no              ; no             ; no              ; no         ; no            ; no       ; Off          ; 3.3-V LVTTL  ; 16mA             ; no                     ; User                 ; 10 pF ;
; f0[8]  ; 100   ; 2        ; 2            ; 5            ; 2           ; no              ; no             ; no              ; no         ; no            ; no       ; Off          ; 3.3-V LVTTL  ; 16mA             ; no                     ; User                 ; 10 pF ;
; f0[9]  ; 99    ; 2        ; 2            ; 5            ; 1           ; no              ; no             ; no              ; no         ; no            ; no       ; Off          ; 3.3-V LVTTL  ; 16mA             ; no                     ; User                 ; 10 pF ;
; f1[0]  ; 87    ; 2        ; 5            ; 5            ; 2           ; no              ; no             ; no              ; no         ; no            ; no       ; Off          ; 3.3-V LVTTL  ; 16mA             ; no                     ; User                 ; 10 pF ;
; f1[1]  ; 98    ; 2        ; 2            ; 5            ; 0           ; no              ; no             ; no              ; no         ; no            ; no       ; Off          ; 3.3-V LVTTL  ; 16mA             ; no                     ; User                 ; 10 pF ;
; f1[2]  ; 97    ; 2        ; 3            ; 5            ; 3           ; no              ; no             ; no              ; no         ; no            ; no       ; Off          ; 3.3-V LVTTL  ; 16mA             ; no                     ; User                 ; 10 pF ;
; f1[3]  ; 96    ; 2        ; 3            ; 5            ; 2           ; no              ; no             ; no              ; no         ; no            ; no       ; Off          ; 3.3-V LVTTL  ; 16mA             ; no                     ; User                 ; 10 pF ;
; f1[4]  ; 95    ; 2        ; 3            ; 5            ; 1           ; no              ; no             ; no              ; no         ; no            ; no       ; Off          ; 3.3-V LVTTL  ; 16mA             ; no                     ; User                 ; 10 pF ;
; f1[5]  ; 92    ; 2        ; 3            ; 5            ; 0           ; no              ; no             ; no              ; no         ; no            ; no       ; Off          ; 3.3-V LVTTL  ; 16mA             ; no                     ; User                 ; 10 pF ;
; f1[6]  ; 91    ; 2        ; 4            ; 5            ; 2           ; no              ; no             ; no              ; no         ; no            ; no       ; Off          ; 3.3-V LVTTL  ; 16mA             ; no                     ; User                 ; 10 pF ;
; f1[7]  ; 89    ; 2        ; 4            ; 5            ; 0           ; no              ; no             ; no              ; no         ; no            ; no       ; Off          ; 3.3-V LVTTL  ; 16mA             ; no                     ; User                 ; 10 pF ;
; f1[8]  ; 86    ; 2        ; 5            ; 5            ; 1           ; no              ; no             ; no              ; no         ; no            ; no       ; Off          ; 3.3-V LVTTL  ; 16mA             ; no                     ; User                 ; 10 pF ;
; f1[9]  ; 85    ; 2        ; 5            ; 5            ; 0           ; no              ; no             ; no              ; no         ; no            ; no       ; Off          ; 3.3-V LVTTL  ; 16mA             ; no                     ; User                 ; 10 pF ;
; f2[0]  ; 84    ; 2        ; 6            ; 5            ; 3           ; no              ; no             ; no              ; no         ; no            ; no       ; Off          ; 3.3-V LVTTL  ; 16mA             ; no                     ; User                 ; 10 pF ;
; f2[1]  ; 83    ; 2        ; 6            ; 5            ; 2           ; no              ; no             ; no              ; no         ; no            ; no       ; Off          ; 3.3-V LVTTL  ; 16mA             ; no                     ; User                 ; 10 pF ;
; f2[2]  ; 82    ; 2        ; 6            ; 5            ; 1           ; no              ; no             ; no              ; no         ; no            ; no       ; Off          ; 3.3-V LVTTL  ; 16mA             ; no                     ; User                 ; 10 pF ;
; f2[3]  ; 81    ; 2        ; 6            ; 5            ; 0           ; no              ; no             ; no              ; no         ; no            ; no       ; Off          ; 3.3-V LVTTL  ; 16mA             ; no                     ; User                 ; 10 pF ;
; f2[4]  ; 78    ; 2        ; 7            ; 5            ; 3           ; no              ; no             ; no              ; no         ; no            ; no       ; Off          ; 3.3-V LVTTL  ; 16mA             ; no                     ; User                 ; 10 pF ;
; f2[5]  ; 77    ; 2        ; 7            ; 5            ; 2           ; no              ; no             ; no              ; no         ; no            ; no       ; Off          ; 3.3-V LVTTL  ; 16mA             ; no                     ; User                 ; 10 pF ;
; f2[6]  ; 76    ; 2        ; 7            ; 5            ; 1           ; no              ; no             ; no              ; no         ; no            ; no       ; Off          ; 3.3-V LVTTL  ; 16mA             ; no                     ; User                 ; 10 pF ;
; f2[7]  ; 74    ; 2        ; 8            ; 4            ; 0           ; no              ; no             ; no              ; no         ; no            ; no       ; Off          ; 3.3-V LVTTL  ; 16mA             ; no                     ; User                 ; 10 pF ;
; f2[8]  ; 72    ; 2        ; 8            ; 4            ; 2           ; no              ; no             ; no              ; no         ; no            ; no       ; Off          ; 3.3-V LVTTL  ; 16mA             ; no                     ; User                 ; 10 pF ;
; f2[9]  ; 70    ; 2        ; 8            ; 4            ; 4           ; no              ; no             ; no              ; no         ; no            ; no       ; Off          ; 3.3-V LVTTL  ; 16mA             ; no                     ; User                 ; 10 pF ;
; f3[0]  ; 58    ; 2        ; 8            ; 2            ; 2           ; no              ; no             ; no              ; no         ; no            ; no       ; Off          ; 3.3-V LVTTL  ; 16mA             ; no                     ; User                 ; 10 pF ;
; f3[1]  ; 57    ; 2        ; 8            ; 2            ; 3           ; no              ; no             ; no              ; no         ; no            ; no       ; Off          ; 3.3-V LVTTL  ; 16mA             ; no                     ; User                 ; 10 pF ;
; f3[2]  ; 56    ; 2        ; 8            ; 1            ; 0           ; no              ; no             ; no              ; no         ; no            ; no       ; Off          ; 3.3-V LVTTL  ; 16mA             ; no                     ; User                 ; 10 pF ;
; f3[3]  ; 55    ; 2        ; 8            ; 1            ; 1           ; no              ; no             ; no              ; no         ; no            ; no       ; Off          ; 3.3-V LVTTL  ; 16mA             ; no                     ; User                 ; 10 pF ;
; f3[4]  ; 54    ; 2        ; 8            ; 1            ; 2           ; no              ; no             ; no              ; no         ; no            ; no       ; Off          ; 3.3-V LVTTL  ; 16mA             ; no                     ; User                 ; 10 pF ;
; f3[5]  ; 53    ; 2        ; 8            ; 1            ; 3           ; no              ; no             ; no              ; no         ; no            ; no       ; Off          ; 3.3-V LVTTL  ; 16mA             ; no                     ; User                 ; 10 pF ;
; f3[6]  ; 52    ; 2        ; 8            ; 1            ; 4           ; no              ; no             ; no              ; no         ; no            ; no       ; Off          ; 3.3-V LVTTL  ; 16mA             ; no                     ; User                 ; 10 pF ;
; f3[7]  ; 51    ; 1        ; 7            ; 0            ; 0           ; no              ; no             ; no              ; no         ; no            ; no       ; Off          ; 3.3-V LVTTL  ; 16mA             ; no                     ; User                 ; 10 pF ;
; f3[8]  ; 50    ; 1        ; 7            ; 0            ; 1           ; no              ; no             ; no              ; no         ; no            ; no       ; Off          ; 3.3-V LVTTL  ; 16mA             ; no                     ; User                 ; 10 pF ;
; f3[9]  ; 49    ; 1        ; 7            ; 0            ; 2           ; no              ; no             ; no              ; no         ; no            ; no       ; Off          ; 3.3-V LVTTL  ; 16mA             ; no                     ; User                 ; 10 pF ;
; f4[0]  ; 48    ; 1        ; 6            ; 0            ; 0           ; no              ; no             ; no              ; no         ; no            ; no       ; Off          ; 3.3-V LVTTL  ; 16mA             ; no                     ; User                 ; 10 pF ;
; f4[1]  ; 47    ; 1        ; 6            ; 0            ; 1           ; no              ; no             ; no              ; no         ; no            ; no       ; Off          ; 3.3-V LVTTL  ; 16mA             ; no                     ; User                 ; 10 pF ;
; f4[2]  ; 44    ; 1        ; 6            ; 0            ; 2           ; no              ; no             ; no              ; no         ; no            ; no       ; Off          ; 3.3-V LVTTL  ; 16mA             ; no                     ; User                 ; 10 pF ;
; f4[3]  ; 43    ; 1        ; 6            ; 0            ; 3           ; no              ; no             ; no              ; no         ; no            ; no       ; Off          ; 3.3-V LVTTL  ; 16mA             ; no                     ; User                 ; 10 pF ;
; f4[4]  ; 42    ; 1        ; 5            ; 0            ; 0           ; no              ; no             ; no              ; no         ; no            ; no       ; Off          ; 3.3-V LVTTL  ; 16mA             ; no                     ; User                 ; 10 pF ;
; f4[5]  ; 41    ; 1        ; 5            ; 0            ; 1           ; no              ; no             ; no              ; no         ; no            ; no       ; Off          ; 3.3-V LVTTL  ; 16mA             ; no                     ; User                 ; 10 pF ;
; f4[6]  ; 40    ; 1        ; 5            ; 0            ; 2           ; no              ; no             ; no              ; no         ; no            ; no       ; Off          ; 3.3-V LVTTL  ; 16mA             ; no                     ; User                 ; 10 pF ;
; f4[7]  ; 38    ; 1        ; 4            ; 0            ; 0           ; no              ; no             ; no              ; no         ; no            ; no       ; Off          ; 3.3-V LVTTL  ; 16mA             ; no                     ; User                 ; 10 pF ;
; f4[8]  ; 36    ; 1        ; 4            ; 0            ; 2           ; no              ; no             ; no              ; no         ; no            ; no       ; Off          ; 3.3-V LVTTL  ; 16mA             ; no                     ; User                 ; 10 pF ;
; f4[9]  ; 35    ; 1        ; 3            ; 0            ; 0           ; no              ; no             ; no              ; no         ; no            ; no       ; Off          ; 3.3-V LVTTL  ; 16mA             ; no                     ; User                 ; 10 pF ;
; f5[0]  ; 34    ; 1        ; 3            ; 0            ; 1           ; no              ; no             ; no              ; no         ; no            ; no       ; Off          ; 3.3-V LVTTL  ; 16mA             ; no                     ; User                 ; 10 pF ;
; f5[1]  ; 33    ; 1        ; 3            ; 0            ; 2           ; no              ; no             ; no              ; no         ; no            ; no       ; Off          ; 3.3-V LVTTL  ; 16mA             ; no                     ; User                 ; 10 pF ;
; f5[2]  ; 30    ; 1        ; 3            ; 0            ; 3           ; no              ; no             ; no              ; no         ; no            ; no       ; Off          ; 3.3-V LVTTL  ; 16mA             ; no                     ; User                 ; 10 pF ;
; f5[3]  ; 29    ; 1        ; 2            ; 0            ; 0           ; no              ; no             ; no              ; no         ; no            ; no       ; Off          ; 3.3-V LVTTL  ; 16mA             ; no                     ; User                 ; 10 pF ;
; f5[4]  ; 28    ; 1        ; 2            ; 0            ; 1           ; no              ; no             ; no              ; no         ; no            ; no       ; Off          ; 3.3-V LVTTL  ; 16mA             ; no                     ; User                 ; 10 pF ;
; f5[5]  ; 27    ; 1        ; 2            ; 0            ; 2           ; no              ; no             ; no              ; no         ; no            ; no       ; Off          ; 3.3-V LVTTL  ; 16mA             ; no                     ; User                 ; 10 pF ;
; f5[6]  ; 26    ; 1        ; 2            ; 0            ; 3           ; no              ; no             ; no              ; no         ; no            ; no       ; Off          ; 3.3-V LVTTL  ; 16mA             ; no                     ; User                 ; 10 pF ;
; f5[7]  ; 21    ; 1        ; 1            ; 1            ; 3           ; no              ; no             ; no              ; no         ; no            ; no       ; Off          ; 3.3-V LVTTL  ; 16mA             ; no                     ; User                 ; 10 pF ;
; f5[8]  ; 20    ; 1        ; 1            ; 1            ; 2           ; no              ; no             ; no              ; no         ; no            ; no       ; Off          ; 3.3-V LVTTL  ; 16mA             ; no                     ; User                 ; 10 pF ;
; f5[9]  ; 19    ; 1        ; 1            ; 1            ; 1           ; no              ; no             ; no              ; no         ; no            ; no       ; Off          ; 3.3-V LVTTL  ; 16mA             ; no                     ; User                 ; 10 pF ;
; led[0] ; 73    ; 2        ; 8            ; 4            ; 1           ; no              ; no             ; no              ; no         ; no            ; no       ; Off          ; 3.3-V LVTTL  ; 16mA             ; no                     ; User                 ; 10 pF ;
; led[1] ; 71    ; 2        ; 8            ; 4            ; 3           ; no              ; no             ; no              ; no         ; no            ; no       ; Off          ; 3.3-V LVTTL  ; 16mA             ; no                     ; User                 ; 10 pF ;
; led[2] ; 69    ; 2        ; 8            ; 3            ; 0           ; no              ; no             ; no              ; no         ; no            ; no       ; Off          ; 3.3-V LVTTL  ; 16mA             ; no                     ; User                 ; 10 pF ;
; led[3] ; 68    ; 2        ; 8            ; 3            ; 1           ; no              ; no             ; no              ; no         ; no            ; no       ; Off          ; 3.3-V LVTTL  ; 16mA             ; no                     ; User                 ; 10 pF ;
; led[4] ; 67    ; 2        ; 8            ; 3            ; 2           ; no              ; no             ; no              ; no         ; no            ; no       ; Off          ; 3.3-V LVTTL  ; 16mA             ; no                     ; User                 ; 10 pF ;
; led[5] ; 66    ; 2        ; 8            ; 3            ; 3           ; no              ; no             ; no              ; no         ; no            ; no       ; Off          ; 3.3-V LVTTL  ; 16mA             ; no                     ; User                 ; 10 pF ;
; led[6] ; 64    ; 2        ; 8            ; 3            ; 4           ; no              ; no             ; no              ; no         ; no            ; no       ; Off          ; 3.3-V LVTTL  ; 16mA             ; no                     ; User                 ; 10 pF ;
; led[7] ; 62    ; 2        ; 8            ; 2            ; 0           ; no              ; no             ; no              ; no         ; no            ; no       ; Off          ; 3.3-V LVTTL  ; 16mA             ; no                     ; User                 ; 10 pF ;
+--------+-------+----------+--------------+--------------+-------------+-----------------+----------------+-----------------+------------+---------------+----------+--------------+--------------+------------------+------------------------+----------------------+-------+


+-----------------------------------------------------------------------------------------------------------------------------------------------------------------------------------------------------------------------------------------------------------------------------------------------------------------+
; Bidir Pins                                                                                                                                                                                                                                                                                                      ;
+------+-------+----------+--------------+--------------+-------------+-----------------------+--------------------+--------+-----------------+----------------+-----------------+------------+----------+--------------+--------------+------------------+------------------------+----------------------+-------+
; Name ; Pin # ; I/O Bank ; X coordinate ; Y coordinate ; Cell number ; Combinational Fan-Out ; Registered Fan-Out ; Global ; Output Register ; Slow Slew Rate ; PCI I/O Enabled ; Open Drain ; Bus Hold ; Weak Pull Up ; I/O Standard ; Current Strength ; Fast Output Connection ; Location assigned by ; Load  ;
+------+-------+----------+--------------+--------------+-------------+-----------------------+--------------------+--------+-----------------+----------------+-----------------+------------+----------+--------------+--------------+------------------+------------------------+----------------------+-------+
; dn   ; 12    ; 1        ; 1            ; 3            ; 3           ; 0                     ; 0                  ; no     ; no              ; no             ; no              ; yes        ; no       ; Off          ; 3.3-V LVTTL  ; 16mA             ; no                     ; User                 ; 10 pF ;
; dp   ; 14    ; 1        ; 1            ; 2            ; 0           ; 0                     ; 0                  ; no     ; no              ; no             ; no              ; yes        ; no       ; Off          ; 3.3-V LVTTL  ; 16mA             ; no                     ; User                 ; 10 pF ;
+------+-------+----------+--------------+--------------+-------------+-----------------------+--------------------+--------+-----------------+----------------+-----------------+------------+----------+--------------+--------------+------------------+------------------------+----------------------+-------+


+-------------------------------------------------------------+
; I/O Bank Usage                                              ;
+----------+-------------------+---------------+--------------+
; I/O Bank ; Usage             ; VCCIO Voltage ; VREF Voltage ;
+----------+-------------------+---------------+--------------+
; 1        ; 38 / 38 ( 100 % ) ; 3.3V          ; --           ;
; 2        ; 42 / 42 ( 100 % ) ; 3.3V          ; --           ;
+----------+-------------------+---------------+--------------+


+--------------------------------------------------------------------------------------------------------------------------------------------------------------+
; All Package Pins                                                                                                                                             ;
+----------+------------+----------+----------------+--------+----------------------------+-----------+------------+-----------------+----------+--------------+
; Location ; Pad Number ; I/O Bank ; Pin Name/Usage ; Dir.   ; I/O Standard               ; Voltage   ; I/O Type   ; User Assignment ; Bus Hold ; Weak Pull Up ;
+----------+------------+----------+----------------+--------+----------------------------+-----------+------------+-----------------+----------+--------------+
; 1        ; 83         ; 2        ; f0[0]          ; output ; 3.3-V LVTTL                ;           ; Column I/O ; Y               ; no       ; Off          ;
; 2        ; 0          ; 1        ; f0[7]          ; output ; 3.3-V LVTTL                ;           ; Row I/O    ; Y               ; no       ; Off          ;
; 3        ; 1          ; 1        ; f0[6]          ; output ; 3.3-V LVTTL                ;           ; Row I/O    ; Y               ; no       ; Off          ;
; 4        ; 2          ; 1        ; f0[5]          ; output ; 3.3-V LVTTL                ;           ; Row I/O    ; Y               ; no       ; Off          ;
; 5        ; 3          ; 1        ; f0[4]          ; output ; 3.3-V LVTTL                ;           ; Row I/O    ; Y               ; no       ; Off          ;
; 6        ; 4          ; 1        ; f0[3]          ; output ; 3.3-V LVTTL                ;           ; Row I/O    ; Y               ; no       ; Off          ;
; 7        ; 5          ; 1        ; f0[2]          ; output ; 3.3-V LVTTL                ;           ; Row I/O    ; Y               ; no       ; Off          ;
; 8        ; 6          ; 1        ; f0[1]          ; output ; 3.3-V LVTTL                ;           ; Row I/O    ; Y               ; no       ; Off          ;
; 9        ;            ; 1        ; VCCIO1         ; power  ;                            ; 3.3V      ; --         ;                 ; --       ; --           ;
; 10       ;            ;          ; GNDIO          ; gnd    ;                            ;           ; --         ;                 ; --       ; --           ;
; 11       ;            ;          ; GNDINT         ; gnd    ;                            ;           ; --         ;                 ; --       ; --           ;
; 12       ; 7          ; 1        ; dn             ; bidir  ; 3.3-V LVTTL                ;           ; Row I/O    ; Y               ; no       ; Off          ;
; 13       ;            ;          ; VCCINT         ; power  ;                            ; 2.5V/3.3V ; --         ;                 ; --       ; --           ;
; 14       ; 8          ; 1        ; dp             ; bidir  ; 3.3-V LVTTL                ;           ; Row I/O    ; Y               ; no       ; Off          ;
; 15       ; 9          ; 1        ; key[3]         ; input  ; 3.3V Schmitt Trigger Input ;           ; Row I/O    ; Y               ; no       ; On           ;
; 16       ; 10         ; 1        ; key[2]         ; input  ; 3.3V Schmitt Trigger Input ;           ; Row I/O    ; Y               ; no       ; On           ;
; 17       ; 11         ; 1        ; key[1]         ; input  ; 3.3V Schmitt Trigger Input ;           ; Row I/O    ; Y               ; no       ; On           ;
; 18       ; 12         ; 1        ; key[0]         ; input  ; 3.3V Schmitt Trigger Input ;           ; Row I/O    ; Y               ; no       ; On           ;
; 19       ; 13         ; 1        ; f5[9]          ; output ; 3.3-V LVTTL                ;           ; Row I/O    ; Y               ; no       ; Off          ;
; 20       ; 14         ; 1        ; f5[8]          ; output ; 3.3-V LVTTL                ;           ; Row I/O    ; Y               ; no       ; Off          ;
; 21       ; 15         ; 1        ; f5[7]          ; output ; 3.3-V LVTTL                ;           ; Row I/O    ; Y               ; no       ; Off          ;
; 22       ; 16         ; 1        ; #TMS           ; input  ;                            ;           ; --         ;                 ; --       ; --           ;
; 23       ; 17         ; 1        ; #TDI           ; input  ;                            ;           ; --         ;                 ; --       ; --           ;
; 24       ; 18         ; 1        ; #TCK           ; input  ;                            ;           ; --         ;                 ; --       ; --           ;
; 25       ; 19         ; 1        ; #TDO           ; output ;                            ;           ; --         ;                 ; --       ; --           ;
; 26       ; 20         ; 1        ; f5[6]          ; output ; 3.3-V LVTTL                ;           ; Column I/O ; Y               ; no       ; Off          ;
; 27       ; 21         ; 1        ; f5[5]          ; output ; 3.3-V LVTTL                ;           ; Column I/O ; Y               ; no       ; Off          ;
; 28       ; 22         ; 1        ; f5[4]          ; output ; 3.3-V LVTTL                ;           ; Column I/O ; Y               ; no       ; Off          ;
; 29       ; 23         ; 1        ; f5[3]          ; output ; 3.3-V LVTTL                ;           ; Column I/O ; Y               ; no       ; Off          ;
; 30       ; 24         ; 1        ; f5[2]          ; output ; 3.3-V LVTTL                ;           ; Column I/O ; Y               ; no       ; Off          ;
; 31       ;            ; 1        ; VCCIO1         ; power  ;                            ; 3.3V      ; --         ;                 ; --       ; --           ;
; 32       ;            ;          ; GNDIO          ; gnd    ;                            ;           ; --         ;                 ; --       ; --           ;
; 33       ; 25         ; 1        ; f5[1]          ; output ; 3.3-V LVTTL                ;           ; Column I/O ; Y               ; no       ; Off          ;
; 34       ; 26         ; 1        ; f5[0]          ; output ; 3.3-V LVTTL                ;           ; Column I/O ; Y               ; no       ; Off          ;
; 35       ; 27         ; 1        ; f4[9]          ; output ; 3.3-V LVTTL                ;           ; Column I/O ; Y               ; no       ; Off          ;
; 36       ; 28         ; 1        ; f4[8]          ; output ; 3.3-V LVTTL                ;           ; Column I/O ; Y               ; no       ; Off          ;
; 37       ; 29         ; 1        ; outside_gnd[1] ; input  ; 3.3-V LVTTL                ;           ; Column I/O ; Y               ; no       ; Off          ;
; 38       ; 30         ; 1        ; f4[7]          ; output ; 3.3-V LVTTL                ;           ; Column I/O ; Y               ; no       ; Off          ;
; 39       ; 31         ; 1        ; outside_vcc[1] ; input  ; 3.3-V LVTTL                ;           ; Column I/O ; Y               ; no       ; Off          ;
; 40       ; 32         ; 1        ; f4[6]          ; output ; 3.3-V LVTTL                ;           ; Column I/O ; Y               ; no       ; Off          ;
; 41       ; 33         ; 1        ; f4[5]          ; output ; 3.3-V LVTTL                ;           ; Column I/O ; Y               ; no       ; Off          ;
; 42       ; 34         ; 1        ; f4[4]          ; output ; 3.3-V LVTTL                ;           ; Column I/O ; Y               ; no       ; Off          ;
; 43       ; 35         ; 1        ; f4[3]          ; output ; 3.3-V LVTTL                ;           ; Column I/O ; Y               ; no       ; Off          ;
; 44       ; 36         ; 1        ; f4[2]          ; output ; 3.3-V LVTTL                ;           ; Column I/O ; Y               ; no       ; Off          ;
; 45       ;            ; 1        ; VCCIO1         ; power  ;                            ; 3.3V      ; --         ;                 ; --       ; --           ;
; 46       ;            ;          ; GNDIO          ; gnd    ;                            ;           ; --         ;                 ; --       ; --           ;
; 47       ; 37         ; 1        ; f4[1]          ; output ; 3.3-V LVTTL                ;           ; Column I/O ; Y               ; no       ; Off          ;
; 48       ; 38         ; 1        ; f4[0]          ; output ; 3.3-V LVTTL                ;           ; Column I/O ; Y               ; no       ; Off          ;
; 49       ; 39         ; 1        ; f3[9]          ; output ; 3.3-V LVTTL                ;           ; Column I/O ; Y               ; no       ; Off          ;
; 50       ; 40         ; 1        ; f3[8]          ; output ; 3.3-V LVTTL                ;           ; Column I/O ; Y               ; no       ; Off          ;
; 51       ; 41         ; 1        ; f3[7]          ; output ; 3.3-V LVTTL                ;           ; Column I/O ; Y               ; no       ; Off          ;
; 52       ; 42         ; 2        ; f3[6]          ; output ; 3.3-V LVTTL                ;           ; Row I/O    ; Y               ; no       ; Off          ;
; 53       ; 43         ; 2        ; f3[5]          ; output ; 3.3-V LVTTL                ;           ; Row I/O    ; Y               ; no       ; Off          ;
; 54       ; 44         ; 2        ; f3[4]          ; output ; 3.3-V LVTTL                ;           ; Row I/O    ; Y               ; no       ; Off          ;
; 55       ; 45         ; 2        ; f3[3]          ; output ; 3.3-V LVTTL                ;           ; Row I/O    ; Y               ; no       ; Off          ;
; 56       ; 46         ; 2        ; f3[2]          ; output ; 3.3-V LVTTL                ;           ; Row I/O    ; Y               ; no       ; Off          ;
; 57       ; 47         ; 2        ; f3[1]          ; output ; 3.3-V LVTTL                ;           ; Row I/O    ; Y               ; no       ; Off          ;
; 58       ; 48         ; 2        ; f3[0]          ; output ; 3.3-V LVTTL                ;           ; Row I/O    ; Y               ; no       ; Off          ;
; 59       ;            ; 2        ; VCCIO2         ; power  ;                            ; 3.3V      ; --         ;                 ; --       ; --           ;
; 60       ;            ;          ; GNDIO          ; gnd    ;                            ;           ; --         ;                 ; --       ; --           ;
; 61       ; 49         ; 2        ; pt_left        ; input  ; 3.3-V LVTTL                ;           ; Row I/O    ; Y               ; no       ; Off          ;
; 62       ; 50         ; 2        ; led[7]         ; output ; 3.3-V LVTTL                ;           ; Row I/O    ; Y               ; no       ; Off          ;
; 63       ;            ;          ; VCCINT         ; power  ;                            ; 2.5V/3.3V ; --         ;                 ; --       ; --           ;
; 64       ; 51         ; 2        ; led[6]         ; output ; 3.3-V LVTTL                ;           ; Row I/O    ; Y               ; no       ; Off          ;
; 65       ;            ;          ; GNDINT         ; gnd    ;                            ;           ; --         ;                 ; --       ; --           ;
; 66       ; 52         ; 2        ; led[5]         ; output ; 3.3-V LVTTL                ;           ; Row I/O    ; Y               ; no       ; Off          ;
; 67       ; 53         ; 2        ; led[4]         ; output ; 3.3-V LVTTL                ;           ; Row I/O    ; Y               ; no       ; Off          ;
; 68       ; 54         ; 2        ; led[3]         ; output ; 3.3-V LVTTL                ;           ; Row I/O    ; Y               ; no       ; Off          ;
; 69       ; 55         ; 2        ; led[2]         ; output ; 3.3-V LVTTL                ;           ; Row I/O    ; Y               ; no       ; Off          ;
; 70       ; 56         ; 2        ; f2[9]          ; output ; 3.3-V LVTTL                ;           ; Row I/O    ; Y               ; no       ; Off          ;
; 71       ; 57         ; 2        ; led[1]         ; output ; 3.3-V LVTTL                ;           ; Row I/O    ; Y               ; no       ; Off          ;
; 72       ; 58         ; 2        ; f2[8]          ; output ; 3.3-V LVTTL                ;           ; Row I/O    ; Y               ; no       ; Off          ;
; 73       ; 59         ; 2        ; led[0]         ; output ; 3.3-V LVTTL                ;           ; Row I/O    ; Y               ; no       ; Off          ;
; 74       ; 60         ; 2        ; f2[7]          ; output ; 3.3-V LVTTL                ;           ; Row I/O    ; Y               ; no       ; Off          ;
; 75       ; 61         ; 2        ; pt_right       ; input  ; 3.3-V LVTTL                ;           ; Column I/O ; Y               ; no       ; Off          ;
; 76       ; 62         ; 2        ; f2[6]          ; output ; 3.3-V LVTTL                ;           ; Column I/O ; Y               ; no       ; Off          ;
; 77       ; 63         ; 2        ; f2[5]          ; output ; 3.3-V LVTTL                ;           ; Column I/O ; Y               ; no       ; Off          ;
; 78       ; 64         ; 2        ; f2[4]          ; output ; 3.3-V LVTTL                ;           ; Column I/O ; Y               ; no       ; Off          ;
; 79       ;            ;          ; GNDIO          ; gnd    ;                            ;           ; --         ;                 ; --       ; --           ;
; 80       ;            ; 2        ; VCCIO2         ; power  ;                            ; 3.3V      ; --         ;                 ; --       ; --           ;
; 81       ; 65         ; 2        ; f2[3]          ; output ; 3.3-V LVTTL                ;           ; Column I/O ; Y               ; no       ; Off          ;
; 82       ; 66         ; 2        ; f2[2]          ; output ; 3.3-V LVTTL                ;           ; Column I/O ; Y               ; no       ; Off          ;
; 83       ; 67         ; 2        ; f2[1]          ; output ; 3.3-V LVTTL                ;           ; Column I/O ; Y               ; no       ; Off          ;
; 84       ; 68         ; 2        ; f2[0]          ; output ; 3.3-V LVTTL                ;           ; Column I/O ; Y               ; no       ; Off          ;
; 85       ; 69         ; 2        ; f1[9]          ; output ; 3.3-V LVTTL                ;           ; Column I/O ; Y               ; no       ; Off          ;
; 86       ; 70         ; 2        ; f1[8]          ; output ; 3.3-V LVTTL                ;           ; Column I/O ; Y               ; no       ; Off          ;
; 87       ; 71         ; 2        ; f1[0]          ; output ; 3.3-V LVTTL                ;           ; Column I/O ; Y               ; no       ; Off          ;
; 88       ; 72         ; 2        ; outside_vcc[0] ; input  ; 3.3-V LVTTL                ;           ; Column I/O ; Y               ; no       ; Off          ;
; 89       ; 73         ; 2        ; f1[7]          ; output ; 3.3-V LVTTL                ;           ; Column I/O ; Y               ; no       ; Off          ;
; 90       ; 74         ; 2        ; outside_gnd[0] ; input  ; 3.3-V LVTTL                ;           ; Column I/O ; Y               ; no       ; Off          ;
; 91       ; 75         ; 2        ; f1[6]          ; output ; 3.3-V LVTTL                ;           ; Column I/O ; Y               ; no       ; Off          ;
; 92       ; 76         ; 2        ; f1[5]          ; output ; 3.3-V LVTTL                ;           ; Column I/O ; Y               ; no       ; Off          ;
; 93       ;            ;          ; GNDIO          ; gnd    ;                            ;           ; --         ;                 ; --       ; --           ;
; 94       ;            ; 2        ; VCCIO2         ; power  ;                            ; 3.3V      ; --         ;                 ; --       ; --           ;
; 95       ; 77         ; 2        ; f1[4]          ; output ; 3.3-V LVTTL                ;           ; Column I/O ; Y               ; no       ; Off          ;
; 96       ; 78         ; 2        ; f1[3]          ; output ; 3.3-V LVTTL                ;           ; Column I/O ; Y               ; no       ; Off          ;
; 97       ; 79         ; 2        ; f1[2]          ; output ; 3.3-V LVTTL                ;           ; Column I/O ; Y               ; no       ; Off          ;
; 98       ; 80         ; 2        ; f1[1]          ; output ; 3.3-V LVTTL                ;           ; Column I/O ; Y               ; no       ; Off          ;
; 99       ; 81         ; 2        ; f0[9]          ; output ; 3.3-V LVTTL                ;           ; Column I/O ; Y               ; no       ; Off          ;
; 100      ; 82         ; 2        ; f0[8]          ; output ; 3.3-V LVTTL                ;           ; Column I/O ; Y               ; no       ; Off          ;
+----------+------------+----------+----------------+--------+----------------------------+-----------+------------+-----------------+----------+--------------+
Note: Pin directions (input, output or bidir) are based on device operating in user mode.


+-------------------------------------------------------------+
; Output Pin Default Load For Reported TCO                    ;
+----------------------------+-------+------------------------+
; I/O Standard               ; Load  ; Termination Resistance ;
+----------------------------+-------+------------------------+
; 3.3-V LVTTL                ; 10 pF ; Not Available          ;
; 3.3-V LVCMOS               ; 10 pF ; Not Available          ;
; 2.5 V                      ; 10 pF ; Not Available          ;
; 1.8 V                      ; 10 pF ; Not Available          ;
; 1.5 V                      ; 10 pF ; Not Available          ;
; 3.3V Schmitt Trigger Input ; 10 pF ; Not Available          ;
; 2.5V Schmitt Trigger Input ; 10 pF ; Not Available          ;
+----------------------------+-------+------------------------+
Note: User assignments will override these defaults. The user specified values are listed in the Output Pins and Bidir Pins tables.


+----------------------------------------------------------------------------------------------------------------------------------------------------------------------------------------------------------------------------------------------------------------------+
; Fitter Resource Utilization by Entity                                                                                                                                                                                                                                ;
+----------------------------------------+-------------+--------------+------------+------+--------------+--------------+-------------------+------------------+-----------------+------------+---------------------------------------------------------+--------------+
; Compilation Hierarchy Node             ; Logic Cells ; LC Registers ; UFM Blocks ; Pins ; Virtual Pins ; LUT-Only LCs ; Register-Only LCs ; LUT/Register LCs ; Carry Chain LCs ; Packed LCs ; Full Hierarchy Name                                     ; Library Name ;
+----------------------------------------+-------------+--------------+------------+------+--------------+--------------+-------------------+------------------+-----------------+------------+---------------------------------------------------------+--------------+
; |max2                                  ; 107 (3)     ; 47           ; 1          ; 80   ; 0            ; 60 (3)       ; 7 (0)             ; 40 (0)           ; 34 (0)          ; 5 (0)      ; |max2                                                   ; work         ;
;    |altufm_none:inst50|                ; 0 (0)       ; 0            ; 1          ; 0    ; 0            ; 0 (0)        ; 0 (0)             ; 0 (0)            ; 0 (0)           ; 0 (0)      ; |max2|altufm_none:inst50                                ; work         ;
;       |altufm_none_8hj:auto_generated| ; 0 (0)       ; 0            ; 1          ; 0    ; 0            ; 0 (0)        ; 0 (0)             ; 0 (0)            ; 0 (0)           ; 0 (0)      ; |max2|altufm_none:inst50|altufm_none_8hj:auto_generated ; work         ;
;    |music:inst52|                      ; 59 (59)     ; 31           ; 0          ; 0    ; 0            ; 28 (28)      ; 7 (7)             ; 24 (24)          ; 21 (21)         ; 5 (5)      ; |max2|music:inst52                                      ; work         ;
;    |note_synt:inst1|                   ; 45 (45)     ; 16           ; 0          ; 0    ; 0            ; 29 (29)      ; 0 (0)             ; 16 (16)          ; 13 (13)         ; 0 (0)      ; |max2|note_synt:inst1                                   ; work         ;
+----------------------------------------+-------------+--------------+------------+------+--------------+--------------+-------------------+------------------+-----------------+------------+---------------------------------------------------------+--------------+
Note: For table entries with two numbers listed, the numbers in parentheses indicate the number of resources of the given type used by the specific entity alone. The numbers listed outside of parentheses indicate the total resources of the given type used by the specific entity and all of its sub-entities in the hierarchy.


+-------------------------------------------+
; Delay Chain Summary                       ;
+----------------+----------+---------------+
; Name           ; Pin Type ; Pad to Core 0 ;
+----------------+----------+---------------+
; key[2]         ; Input    ; 0             ;
; key[1]         ; Input    ; 0             ;
; key[0]         ; Input    ; 0             ;
; pt_right       ; Input    ; 0             ;
; pt_left        ; Input    ; 0             ;
; outside_gnd[1] ; Input    ; 0             ;
; outside_gnd[0] ; Input    ; 0             ;
; outside_vcc[1] ; Input    ; 0             ;
; outside_vcc[0] ; Input    ; 0             ;
; key[3]         ; Input    ; 1             ;
; f0[9]          ; Output   ; --            ;
; f0[8]          ; Output   ; --            ;
; f0[7]          ; Output   ; --            ;
; f0[6]          ; Output   ; --            ;
; f0[5]          ; Output   ; --            ;
; f0[4]          ; Output   ; --            ;
; f0[3]          ; Output   ; --            ;
; f0[2]          ; Output   ; --            ;
; f0[1]          ; Output   ; --            ;
; f0[0]          ; Output   ; --            ;
; f1[9]          ; Output   ; --            ;
; f1[8]          ; Output   ; --            ;
; f1[7]          ; Output   ; --            ;
; f1[6]          ; Output   ; --            ;
; f1[5]          ; Output   ; --            ;
; f1[4]          ; Output   ; --            ;
; f1[3]          ; Output   ; --            ;
; f1[2]          ; Output   ; --            ;
; f1[1]          ; Output   ; --            ;
; f1[0]          ; Output   ; --            ;
; f2[9]          ; Output   ; --            ;
; f2[8]          ; Output   ; --            ;
; f2[7]          ; Output   ; --            ;
; f2[6]          ; Output   ; --            ;
; f2[5]          ; Output   ; --            ;
; f2[4]          ; Output   ; --            ;
; f2[3]          ; Output   ; --            ;
; f2[2]          ; Output   ; --            ;
; f2[1]          ; Output   ; --            ;
; f2[0]          ; Output   ; --            ;
; f3[9]          ; Output   ; --            ;
; f3[8]          ; Output   ; --            ;
; f3[7]          ; Output   ; --            ;
; f3[6]          ; Output   ; --            ;
; f3[5]          ; Output   ; --            ;
; f3[4]          ; Output   ; --            ;
; f3[3]          ; Output   ; --            ;
; f3[2]          ; Output   ; --            ;
; f3[1]          ; Output   ; --            ;
; f3[0]          ; Output   ; --            ;
; f4[9]          ; Output   ; --            ;
; f4[8]          ; Output   ; --            ;
; f4[7]          ; Output   ; --            ;
; f4[6]          ; Output   ; --            ;
; f4[5]          ; Output   ; --            ;
; f4[4]          ; Output   ; --            ;
; f4[3]          ; Output   ; --            ;
; f4[2]          ; Output   ; --            ;
; f4[1]          ; Output   ; --            ;
; f4[0]          ; Output   ; --            ;
; f5[9]          ; Output   ; --            ;
; f5[8]          ; Output   ; --            ;
; f5[7]          ; Output   ; --            ;
; f5[6]          ; Output   ; --            ;
; f5[5]          ; Output   ; --            ;
; f5[4]          ; Output   ; --            ;
; f5[3]          ; Output   ; --            ;
; f5[2]          ; Output   ; --            ;
; f5[1]          ; Output   ; --            ;
; f5[0]          ; Output   ; --            ;
; led[7]         ; Output   ; --            ;
; led[6]         ; Output   ; --            ;
; led[5]         ; Output   ; --            ;
; led[4]         ; Output   ; --            ;
; led[3]         ; Output   ; --            ;
; led[2]         ; Output   ; --            ;
; led[1]         ; Output   ; --            ;
; led[0]         ; Output   ; --            ;
; dp             ; Bidir    ; 0             ;
; dn             ; Bidir    ; 0             ;
+----------------+----------+---------------+


+-------------------------------------------------------------------------------------------------------------------------------------------------------------+
; Control Signals                                                                                                                                             ;
+-----------------------------------------------------------+--------------+---------+---------------------+--------+----------------------+------------------+
; Name                                                      ; Location     ; Fan-Out ; Usage               ; Global ; Global Resource Used ; Global Line Name ;
+-----------------------------------------------------------+--------------+---------+---------------------+--------+----------------------+------------------+
; altufm_none:inst50|altufm_none_8hj:auto_generated|ufm_osc ; UFM_X0_Y1_N4 ; 46      ; Clock               ; yes    ; Global Clock         ; GCLK2            ;
; key[3]                                                    ; PIN_15       ; 9       ; Async. clear        ; yes    ; Global Clock         ; GCLK1            ;
; music:inst52|one_step                                     ; LC_X3_Y2_N4  ; 8       ; Clock enable        ; no     ; --                   ; --               ;
; note_synt:inst1|eocnt                                     ; LC_X7_Y2_N4  ; 15      ; Async. clear, Clock ; yes    ; Global Clock         ; GCLK3            ;
+-----------------------------------------------------------+--------------+---------+---------------------+--------+----------------------+------------------+


+------------------------------------------------------------------------------------------------------------------------------+
; Global & Other Fast Signals                                                                                                  ;
+-----------------------------------------------------------+--------------+---------+----------------------+------------------+
; Name                                                      ; Location     ; Fan-Out ; Global Resource Used ; Global Line Name ;
+-----------------------------------------------------------+--------------+---------+----------------------+------------------+
; altufm_none:inst50|altufm_none_8hj:auto_generated|ufm_osc ; UFM_X0_Y1_N4 ; 46      ; Global Clock         ; GCLK2            ;
; key[3]                                                    ; PIN_15       ; 9       ; Global Clock         ; GCLK1            ;
; note_synt:inst1|eocnt                                     ; LC_X7_Y2_N4  ; 15      ; Global Clock         ; GCLK3            ;
+-----------------------------------------------------------+--------------+---------+----------------------+------------------+


+----------------------------------------+
; Non-Global High Fan-Out Signals        ;
+------------------------------+---------+
; Name                         ; Fan-Out ;
+------------------------------+---------+
; music:inst52|note[1]         ; 22      ;
; music:inst52|note[2]         ; 22      ;
; music:inst52|note[3]         ; 22      ;
; music:inst52|note[0]         ; 20      ;
; music:inst52|counter[20]     ; 11      ;
; music:inst52|Equal1~5        ; 10      ;
; music:inst52|Equal1~4        ; 10      ;
; inst4                        ; 10      ;
; inst2~0                      ; 10      ;
; music:inst52|music_time[4]   ; 9       ;
; music:inst52|one_step        ; 8       ;
; music:inst52|music_time[0]   ; 8       ;
; music:inst52|music_time[1]   ; 7       ;
; music:inst52|music_time[3]   ; 6       ;
; music:inst52|music_time[2]   ; 6       ;
; music:inst52|Add0~89         ; 5       ;
; music:inst52|Add0~77         ; 5       ;
; music:inst52|Add0~69         ; 5       ;
; note_synt:inst1|cnt[6]~21    ; 5       ;
; note_synt:inst1|cnt[1]~7     ; 5       ;
; note_synt:inst1|cnt[0]       ; 3       ;
; note_synt:inst1|note_clock   ; 3       ;
; music:inst52|counter[19]     ; 2       ;
; music:inst52|counter[17]     ; 2       ;
; music:inst52|counter[16]     ; 2       ;
; music:inst52|counter[15]     ; 2       ;
; music:inst52|counter[14]     ; 2       ;
; music:inst52|counter[12]     ; 2       ;
; music:inst52|counter[11]     ; 2       ;
; music:inst52|counter[10]     ; 2       ;
; music:inst52|counter[9]      ; 2       ;
; music:inst52|counter[7]      ; 2       ;
; music:inst52|counter[6]      ; 2       ;
; music:inst52|counter[4]      ; 2       ;
; music:inst52|counter[3]      ; 2       ;
; music:inst52|counter[2]      ; 2       ;
; music:inst52|counter[0]      ; 2       ;
; music:inst52|music_time[4]~0 ; 2       ;
; note_synt:inst1|cnt[8]       ; 2       ;
; note_synt:inst1|cnt[9]       ; 2       ;
; note_synt:inst1|cnt[6]       ; 2       ;
; note_synt:inst1|cnt[13]      ; 2       ;
; note_synt:inst1|cnt[2]       ; 2       ;
; note_synt:inst1|cnt[12]      ; 2       ;
; note_synt:inst1|cnt[5]       ; 2       ;
; note_synt:inst1|cnt[3]       ; 2       ;
; note_synt:inst1|cnt[7]       ; 2       ;
; note_synt:inst1|cnt[1]       ; 2       ;
; note_synt:inst1|cnt[11]~5    ; 2       ;
; note_synt:inst1|cnt[11]      ; 2       ;
+------------------------------+---------+


+-------------------------------------------------+
; Interconnect Usage Summary                      ;
+----------------------------+--------------------+
; Interconnect Resource Type ; Usage              ;
+----------------------------+--------------------+
; C4s                        ; 65 / 784 ( 8 % )   ;
; Direct links               ; 6 / 888 ( < 1 % )  ;
; Global clocks              ; 3 / 4 ( 75 % )     ;
; LAB clocks                 ; 12 / 32 ( 38 % )   ;
; LUT chains                 ; 2 / 216 ( < 1 % )  ;
; Local interconnects        ; 106 / 888 ( 12 % ) ;
; R4s                        ; 61 / 704 ( 9 % )   ;
+----------------------------+--------------------+


+---------------------------------------------------------------------------+
; LAB Logic Elements                                                        ;
+--------------------------------------------+------------------------------+
; Number of Logic Elements  (Average = 6.69) ; Number of LABs  (Total = 16) ;
+--------------------------------------------+------------------------------+
; 1                                          ; 5                            ;
; 2                                          ; 1                            ;
; 3                                          ; 0                            ;
; 4                                          ; 0                            ;
; 5                                          ; 0                            ;
; 6                                          ; 0                            ;
; 7                                          ; 0                            ;
; 8                                          ; 0                            ;
; 9                                          ; 0                            ;
; 10                                         ; 10                           ;
+--------------------------------------------+------------------------------+


+-------------------------------------------------------------------+
; LAB-wide Signals                                                  ;
+------------------------------------+------------------------------+
; LAB-wide Signals  (Average = 1.31) ; Number of LABs  (Total = 16) ;
+------------------------------------+------------------------------+
; 1 Async. clear                     ; 5                            ;
; 1 Clock                            ; 12                           ;
; 1 Clock enable                     ; 3                            ;
; 2 Clocks                           ; 1                            ;
+------------------------------------+------------------------------+


+----------------------------------------------------------------------------+
; LAB Signals Sourced                                                        ;
+---------------------------------------------+------------------------------+
; Number of Signals Sourced  (Average = 7.00) ; Number of LABs  (Total = 16) ;
+---------------------------------------------+------------------------------+
; 0                                           ; 0                            ;
; 1                                           ; 5                            ;
; 2                                           ; 1                            ;
; 3                                           ; 0                            ;
; 4                                           ; 0                            ;
; 5                                           ; 0                            ;
; 6                                           ; 0                            ;
; 7                                           ; 0                            ;
; 8                                           ; 0                            ;
; 9                                           ; 0                            ;
; 10                                          ; 7                            ;
; 11                                          ; 2                            ;
; 12                                          ; 0                            ;
; 13                                          ; 1                            ;
+---------------------------------------------+------------------------------+


+--------------------------------------------------------------------------------+
; LAB Signals Sourced Out                                                        ;
+-------------------------------------------------+------------------------------+
; Number of Signals Sourced Out  (Average = 4.13) ; Number of LABs  (Total = 16) ;
+-------------------------------------------------+------------------------------+
; 0                                               ; 0                            ;
; 1                                               ; 6                            ;
; 2                                               ; 2                            ;
; 3                                               ; 0                            ;
; 4                                               ; 1                            ;
; 5                                               ; 1                            ;
; 6                                               ; 2                            ;
; 7                                               ; 1                            ;
; 8                                               ; 1                            ;
; 9                                               ; 0                            ;
; 10                                              ; 2                            ;
+-------------------------------------------------+------------------------------+


+----------------------------------------------------------------------------+
; LAB Distinct Inputs                                                        ;
+---------------------------------------------+------------------------------+
; Number of Distinct Inputs  (Average = 6.25) ; Number of LABs  (Total = 16) ;
+---------------------------------------------+------------------------------+
; 0                                           ; 0                            ;
; 1                                           ; 0                            ;
; 2                                           ; 4                            ;
; 3                                           ; 1                            ;
; 4                                           ; 1                            ;
; 5                                           ; 1                            ;
; 6                                           ; 2                            ;
; 7                                           ; 1                            ;
; 8                                           ; 0                            ;
; 9                                           ; 1                            ;
; 10                                          ; 1                            ;
; 11                                          ; 1                            ;
; 12                                          ; 0                            ;
; 13                                          ; 0                            ;
; 14                                          ; 0                            ;
; 15                                          ; 1                            ;
; 16                                          ; 1                            ;
+---------------------------------------------+------------------------------+


+--------------------------------------------------------------------------------------+
; Fitter Device Options                                                                ;
+----------------------------------------------+---------------------------------------+
; Option                                       ; Setting                               ;
+----------------------------------------------+---------------------------------------+
; Enable user-supplied start-up clock (CLKUSR) ; Off                                   ;
; Enable device-wide reset (DEV_CLRn)          ; Off                                   ;
; Enable device-wide output enable (DEV_OE)    ; Off                                   ;
; Enable INIT_DONE output                      ; Off                                   ;
; Configuration scheme                         ; Passive Serial                        ;
; Reserve all unused pins                      ; As input tri-stated with weak pull-up ;
; Base pin-out file on sameframe device        ; Off                                   ;
+----------------------------------------------+---------------------------------------+


+------------------------------------------------------------+
; Estimated Delay Added for Hold Timing                      ;
+-----------------+----------------------+-------------------+
; Source Clock(s) ; Destination Clock(s) ; Delay Added in ns ;
+-----------------+----------------------+-------------------+


+-----------------+
; Fitter Messages ;
+-----------------+
Info: *******************************************************************
Info: Running Quartus II Fitter
    Info: Version 9.0 Build 132 02/25/2009 SJ Full Version
    Info: Processing started: Thu Jan 07 11:16:24 2010
Info: Command: quartus_fit --read_settings_files=off --write_settings_files=off max2 -c max2
Info: Parallel compilation is enabled and will use 2 of the 2 processors detected
Info: Selected device EPM240T100C5 for design "max2"
Info: Fitter is performing an Auto Fit compilation, which may decrease Fitter effort to reduce compilation time
Info: Device migration not selected. If you intend to use device migration later, you may need to change the pin assignments as they may be incompatible with other devices
    Info: Device EPM240T100I5 is compatible
    Info: Device EPM240T100A5 is compatible
    Info: Device EPM570T100C5 is compatible
    Info: Device EPM570T100I5 is compatible
    Info: Device EPM570T100A5 is compatible
Info: Fitter is using the Classic Timing Analyzer
Info: Timing requirements not specified -- optimizing circuit to achieve the following default global requirements
    Info: Assuming a global fmax requirement of 1000 MHz
    Info: Assuming a global tsu requirement of 2.0 ns
    Info: Assuming a global tco requirement of 1.0 ns
    Info: Assuming a global tpd requirement of 1.0 ns
Info: Completed User Assigned Global Signals Promotion Operation
Info: Automatically promoted signal "altufm_none:inst50|altufm_none_8hj:auto_generated|ufm_osc" to use Global clock
Info: Automatically promoted signal "note_synt:inst1|eocnt" to use Global clock
Info: Automatically promoted signal "key[3]" to use Global clock
Info: Pin "key[3]" drives global clock, but is not placed in a dedicated clock pin position
Info: Completed Auto Global Promotion Operation
Info: Starting register packing
Info: Fitter is using Normal packing mode for logic elements with Auto setting for Auto Packed Registers logic option
Info: Started processing fast register assignments
Info: Finished processing fast register assignments
Info: Finished register packing
Info: Fitter preparation operations ending: elapsed time is 00:00:00
Info: Fitter placement preparation operations beginning
Info: Fitter placement preparation operations ending: elapsed time is 00:00:00
Info: Fitter placement operations beginning
Info: Fitter placement was successful
Info: Fitter placement operations ending: elapsed time is 00:00:00
Info: Fitter routing operations beginning
Info: Average interconnect usage is 9% of the available device resources
    Info: Peak interconnect usage is 9% of the available device resources in the region that extends from location X0_Y0 to location X8_Y5
Info: Fitter routing operations ending: elapsed time is 00:00:00
Info: The Fitter performed an Auto Fit compilation.  Optimizations were skipped to reduce compilation time.
    Info: Optimizations that may affect the design's routability were skipped
    Info: Optimizations that may affect the design's timing were skipped
Warning: Following 2 pins have no output enable or a GND or VCC output enable - later changes to this connectivity may change fitting results
    Info: Pin dp has a permanently disabled output enable
    Info: Pin dn has a permanently disabled output enable
Warning: Following 43 pins have nothing, GND, or VCC driving datain port -- changes to this connectivity may change fitting results
    Info: Pin f2[9] has GND driving its datain port
    Info: Pin f2[8] has GND driving its datain port
    Info: Pin f2[7] has GND driving its datain port
    Info: Pin f2[6] has GND driving its datain port
    Info: Pin f2[5] has GND driving its datain port
    Info: Pin f2[4] has GND driving its datain port
    Info: Pin f2[3] has GND driving its datain port
    Info: Pin f2[2] has GND driving its datain port
    Info: Pin f2[1] has GND driving its datain port
    Info: Pin f2[0] has GND driving its datain port
    Info: Pin f3[9] has GND driving its datain port
    Info: Pin f3[8] has GND driving its datain port
    Info: Pin f3[7] has GND driving its datain port
    Info: Pin f3[6] has GND driving its datain port
    Info: Pin f3[5] has GND driving its datain port
    Info: Pin f3[4] has GND driving its datain port
    Info: Pin f3[3] has GND driving its datain port
    Info: Pin f3[2] has GND driving its datain port
    Info: Pin f3[1] has GND driving its datain port
    Info: Pin f3[0] has GND driving its datain port
    Info: Pin f4[9] has GND driving its datain port
    Info: Pin f4[8] has GND driving its datain port
    Info: Pin f4[7] has GND driving its datain port
    Info: Pin f4[6] has GND driving its datain port
    Info: Pin f4[5] has GND driving its datain port
    Info: Pin f4[4] has GND driving its datain port
    Info: Pin f4[3] has GND driving its datain port
    Info: Pin f4[2] has GND driving its datain port
    Info: Pin f4[1] has GND driving its datain port
    Info: Pin f4[0] has GND driving its datain port
    Info: Pin f5[9] has GND driving its datain port
    Info: Pin f5[8] has GND driving its datain port
    Info: Pin f5[7] has GND driving its datain port
    Info: Pin f5[6] has GND driving its datain port
    Info: Pin f5[5] has GND driving its datain port
    Info: Pin f5[4] has GND driving its datain port
    Info: Pin f5[3] has GND driving its datain port
    Info: Pin f5[2] has GND driving its datain port
    Info: Pin f5[1] has GND driving its datain port
    Info: Pin f5[0] has GND driving its datain port
    Info: Pin led[7] has GND driving its datain port
    Info: Pin dp has VCC driving its datain port
    Info: Pin dn has VCC driving its datain port
Info: Generated suppressed messages file C:/altera/nanohod/max2notes2/max2.fit.smsg
Info: Quartus II Fitter was successful. 0 errors, 2 warnings
    Info: Peak virtual memory: 188 megabytes
    Info: Processing ended: Thu Jan 07 11:16:25 2010
    Info: Elapsed time: 00:00:01
    Info: Total CPU time (on all processors): 00:00:01


+----------------------------+
; Fitter Suppressed Messages ;
+----------------------------+
The suppressed messages can be found in C:/altera/nanohod/max2notes2/max2.fit.smsg.


