Analysis & Synthesis report for max2
Thu Jan 07 11:16:22 2010
Quartus II Version 9.0 Build 132 02/25/2009 SJ Full Version


---------------------
; Table of Contents ;
---------------------
  1. Legal Notice
  2. Analysis & Synthesis Summary
  3. Analysis & Synthesis Settings
  4. Analysis & Synthesis Source Files Read
  5. Analysis & Synthesis Resource Usage Summary
  6. Analysis & Synthesis Resource Utilization by Entity
  7. General Register Statistics
  8. Parameter Settings for User Entity Instance: ALTUFM_NONE:inst50
  9. Analysis & Synthesis Messages



----------------
; Legal Notice ;
----------------
Copyright (C) 1991-2009 Altera Corporation
Your use of Altera Corporation's design tools, logic functions 
and other software and tools, and its AMPP partner logic 
functions, and any output files from any of the foregoing 
(including device programming or simulation files), and any 
associated documentation or information are expressly subject 
to the terms and conditions of the Altera Program License 
Subscription Agreement, Altera MegaCore Function License 
Agreement, or other applicable license agreement, including, 
without limitation, that your use is for the sole purpose of 
programming logic devices manufactured by Altera and sold by 
Altera or its authorized distributors.  Please refer to the 
applicable agreement for further details.



+------------------------------------------------------------------------+
; Analysis & Synthesis Summary                                           ;
+-----------------------------+------------------------------------------+
; Analysis & Synthesis Status ; Successful - Thu Jan 07 11:16:22 2010    ;
; Quartus II Version          ; 9.0 Build 132 02/25/2009 SJ Full Version ;
; Revision Name               ; max2                                     ;
; Top-level Entity Name       ; max2                                     ;
; Family                      ; MAX II                                   ;
; Total logic elements        ; 112                                      ;
; Total pins                  ; 80                                       ;
; Total virtual pins          ; 0                                        ;
; UFM blocks                  ; 1 / 1 ( 100 % )                          ;
+-----------------------------+------------------------------------------+


+----------------------------------------------------------------------------------------------------------+
; Analysis & Synthesis Settings                                                                            ;
+----------------------------------------------------------------+--------------------+--------------------+
; Option                                                         ; Setting            ; Default Value      ;
+----------------------------------------------------------------+--------------------+--------------------+
; Device                                                         ; EPM240T100C5       ;                    ;
; Top-level entity name                                          ; max2               ; max2               ;
; Family name                                                    ; MAX II             ; Stratix II         ;
; Use Generated Physical Constraints File                        ; Off                ;                    ;
; Use smart compilation                                          ; Off                ; Off                ;
; Restructure Multiplexers                                       ; Auto               ; Auto               ;
; Create Debugging Nodes for IP Cores                            ; Off                ; Off                ;
; Preserve fewer node names                                      ; On                 ; On                 ;
; Disable OpenCore Plus hardware evaluation                      ; Off                ; Off                ;
; Verilog Version                                                ; Verilog_2001       ; Verilog_2001       ;
; VHDL Version                                                   ; VHDL93             ; VHDL93             ;
; State Machine Processing                                       ; Auto               ; Auto               ;
; Safe State Machine                                             ; Off                ; Off                ;
; Extract Verilog State Machines                                 ; On                 ; On                 ;
; Extract VHDL State Machines                                    ; On                 ; On                 ;
; Ignore Verilog initial constructs                              ; Off                ; Off                ;
; Iteration limit for constant Verilog loops                     ; 5000               ; 5000               ;
; Iteration limit for non-constant Verilog loops                 ; 250                ; 250                ;
; Add Pass-Through Logic to Inferred RAMs                        ; On                 ; On                 ;
; Parallel Synthesis                                             ; Off                ; Off                ;
; NOT Gate Push-Back                                             ; On                 ; On                 ;
; Power-Up Don't Care                                            ; On                 ; On                 ;
; Remove Redundant Logic Cells                                   ; Off                ; Off                ;
; Remove Duplicate Registers                                     ; On                 ; On                 ;
; Ignore CARRY Buffers                                           ; Off                ; Off                ;
; Ignore CASCADE Buffers                                         ; Off                ; Off                ;
; Ignore GLOBAL Buffers                                          ; Off                ; Off                ;
; Ignore ROW GLOBAL Buffers                                      ; Off                ; Off                ;
; Ignore LCELL Buffers                                           ; Off                ; Off                ;
; Ignore SOFT Buffers                                            ; On                 ; On                 ;
; Limit AHDL Integers to 32 Bits                                 ; Off                ; Off                ;
; Optimization Technique                                         ; Balanced           ; Balanced           ;
; Carry Chain Length                                             ; 70                 ; 70                 ;
; Auto Carry Chains                                              ; On                 ; On                 ;
; Auto Open-Drain Pins                                           ; On                 ; On                 ;
; Perform WYSIWYG Primitive Resynthesis                          ; Off                ; Off                ;
; Auto Shift Register Replacement                                ; Auto               ; Auto               ;
; Auto Clock Enable Replacement                                  ; On                 ; On                 ;
; Allow Synchronous Control Signals                              ; On                 ; On                 ;
; Force Use of Synchronous Clear Signals                         ; Off                ; Off                ;
; Auto Resource Sharing                                          ; Off                ; Off                ;
; Use LogicLock Constraints during Resource Balancing            ; On                 ; On                 ;
; Ignore translate_off and synthesis_off directives              ; Off                ; Off                ;
; Show Parameter Settings Tables in Synthesis Report             ; On                 ; On                 ;
; Ignore Maximum Fan-Out Assignments                             ; Off                ; Off                ;
; Synchronization Register Chain Length                          ; 2                  ; 2                  ;
; PowerPlay Power Optimization                                   ; Normal compilation ; Normal compilation ;
; HDL message level                                              ; Level2             ; Level2             ;
; Suppress Register Optimization Related Messages                ; Off                ; Off                ;
; Number of Removed Registers Reported in Synthesis Report       ; 100                ; 100                ;
; Number of Inverted Registers Reported in Synthesis Report      ; 100                ; 100                ;
; Clock MUX Protection                                           ; On                 ; On                 ;
; Block Design Naming                                            ; Auto               ; Auto               ;
; Synthesis Effort                                               ; Auto               ; Auto               ;
; Allows Asynchronous Clear Usage For Shift Register Replacement ; On                 ; On                 ;
; Analysis & Synthesis Message Level                             ; Medium             ; Medium             ;
+----------------------------------------------------------------+--------------------+--------------------+


+--------------------------------------------------------------------------------------------------------------------------------------------------------------+
; Analysis & Synthesis Source Files Read                                                                                                                       ;
+----------------------------------+-----------------+------------------------------------------+--------------------------------------------------------------+
; File Name with User-Entered Path ; Used in Netlist ; File Type                                ; File Name with Absolute Path                                 ;
+----------------------------------+-----------------+------------------------------------------+--------------------------------------------------------------+
; music.v                          ; yes             ; User Verilog HDL File                    ; C:/altera/nanohod/max2notes2/music.v                         ;
; note_synt.v                      ; yes             ; User Verilog HDL File                    ; C:/altera/nanohod/max2notes2/note_synt.v                     ;
; max2.bdf                         ; yes             ; Auto-Found Block Diagram/Schematic File  ; C:/altera/nanohod/max2notes2/max2.bdf                        ;
; ALTUFM_NONE.tdf                  ; yes             ; Megafunction                             ; c:/altera/90/quartus/libraries/megafunctions/ALTUFM_NONE.tdf ;
; db/altufm_none_8hj.tdf           ; yes             ; Auto-Generated Megafunction              ; C:/altera/nanohod/max2notes2/db/altufm_none_8hj.tdf          ;
; maxii_ufm.inc                    ; yes             ; Auto-Found AHDL File                     ; c:/altera/90/quartus/libraries/megafunctions/maxii_ufm.inc   ;
+----------------------------------+-----------------+------------------------------------------+--------------------------------------------------------------+


+------------------------------------------------------------------------------------------------------------+
; Analysis & Synthesis Resource Usage Summary                                                                ;
+---------------------------------------------+--------------------------------------------------------------+
; Resource                                    ; Usage                                                        ;
+---------------------------------------------+--------------------------------------------------------------+
; Total logic elements                        ; 112                                                          ;
;     -- Combinational with no register       ; 65                                                           ;
;     -- Register only                        ; 12                                                           ;
;     -- Combinational with a register        ; 35                                                           ;
;                                             ;                                                              ;
; Logic element usage by number of LUT inputs ;                                                              ;
;     -- 4 input functions                    ; 51                                                           ;
;     -- 3 input functions                    ; 5                                                            ;
;     -- 2 input functions                    ; 40                                                           ;
;     -- 1 input functions                    ; 3                                                            ;
;     -- 0 input functions                    ; 1                                                            ;
;                                             ;                                                              ;
; Logic elements by mode                      ;                                                              ;
;     -- normal mode                          ; 80                                                           ;
;     -- arithmetic mode                      ; 32                                                           ;
;     -- qfbk mode                            ; 0                                                            ;
;     -- register cascade mode                ; 0                                                            ;
;     -- synchronous clear/load mode          ; 0                                                            ;
;     -- asynchronous clear/load mode         ; 23                                                           ;
;                                             ;                                                              ;
; Total registers                             ; 47                                                           ;
; Total logic cells in carry chains           ; 34                                                           ;
; I/O pins                                    ; 80                                                           ;
; UFM blocks                                  ; 1                                                            ;
; Maximum fan-out node                        ; altufm_none:inst50|altufm_none_8hj:auto_generated|ufm_drdout ;
; Maximum fan-out                             ; 46                                                           ;
; Total fan-out                               ; 418                                                          ;
; Average fan-out                             ; 2.17                                                         ;
+---------------------------------------------+--------------------------------------------------------------+


+----------------------------------------------------------------------------------------------------------------------------------------------------------------------------------------------------------------------------------------------------------------------+
; Analysis & Synthesis Resource Utilization by Entity                                                                                                                                                                                                                  ;
+----------------------------------------+-------------+--------------+------------+------+--------------+--------------+-------------------+------------------+-----------------+------------+---------------------------------------------------------+--------------+
; Compilation Hierarchy Node             ; Logic Cells ; LC Registers ; UFM Blocks ; Pins ; Virtual Pins ; LUT-Only LCs ; Register-Only LCs ; LUT/Register LCs ; Carry Chain LCs ; Packed LCs ; Full Hierarchy Name                                     ; Library Name ;
+----------------------------------------+-------------+--------------+------------+------+--------------+--------------+-------------------+------------------+-----------------+------------+---------------------------------------------------------+--------------+
; |max2                                  ; 112 (3)     ; 47           ; 1          ; 80   ; 0            ; 65 (3)       ; 12 (0)            ; 35 (0)           ; 34 (0)          ; 0 (0)      ; |max2                                                   ; work         ;
;    |altufm_none:inst50|                ; 0 (0)       ; 0            ; 1          ; 0    ; 0            ; 0 (0)        ; 0 (0)             ; 0 (0)            ; 0 (0)           ; 0 (0)      ; |max2|altufm_none:inst50                                ; work         ;
;       |altufm_none_8hj:auto_generated| ; 0 (0)       ; 0            ; 1          ; 0    ; 0            ; 0 (0)        ; 0 (0)             ; 0 (0)            ; 0 (0)           ; 0 (0)      ; |max2|altufm_none:inst50|altufm_none_8hj:auto_generated ; work         ;
;    |music:inst52|                      ; 64 (64)     ; 31           ; 0          ; 0    ; 0            ; 33 (33)      ; 12 (12)           ; 19 (19)          ; 21 (21)         ; 0 (0)      ; |max2|music:inst52                                      ; work         ;
;    |note_synt:inst1|                   ; 45 (45)     ; 16           ; 0          ; 0    ; 0            ; 29 (29)      ; 0 (0)             ; 16 (16)          ; 13 (13)         ; 0 (0)      ; |max2|note_synt:inst1                                   ; work         ;
+----------------------------------------+-------------+--------------+------------+------+--------------+--------------+-------------------+------------------+-----------------+------------+---------------------------------------------------------+--------------+
Note: For table entries with two numbers listed, the numbers in parentheses indicate the number of resources of the given type used by the specific entity alone. The numbers listed outside of parentheses indicate the total resources of the given type used by the specific entity and all of its sub-entities in the hierarchy.


+------------------------------------------------------+
; General Register Statistics                          ;
+----------------------------------------------+-------+
; Statistic                                    ; Value ;
+----------------------------------------------+-------+
; Total registers                              ; 47    ;
; Number of registers using Synchronous Clear  ; 0     ;
; Number of registers using Synchronous Load   ; 0     ;
; Number of registers using Asynchronous Clear ; 23    ;
; Number of registers using Asynchronous Load  ; 0     ;
; Number of registers using Clock Enable       ; 6     ;
; Number of registers using Preset             ; 0     ;
+----------------------------------------------+-------+


+-----------------------------------------------------------------+
; Parameter Settings for User Entity Instance: ALTUFM_NONE:inst50 ;
+-------------------+-----------------+---------------------------+
; Parameter Name    ; Value           ; Type                      ;
+-------------------+-----------------+---------------------------+
; ERASE_TIME        ; 500000000       ; Untyped                   ;
; LPM_FILE          ; UNUSED          ; Untyped                   ;
; OSC_FREQUENCY     ; 180000          ; Untyped                   ;
; PORT_ARCLKENA     ; PORT_UNUSED     ; Untyped                   ;
; PORT_DRCLKENA     ; PORT_UNUSED     ; Untyped                   ;
; PROGRAM_TIME      ; 1600000         ; Untyped                   ;
; WIDTH_UFM_ADDRESS ; 9               ; Untyped                   ;
; CBXI_PARAMETER    ; altufm_none_8hj ; Untyped                   ;
+-------------------+-----------------+---------------------------+
Note: In order to hide this table in the UI and the text report file, please set the "Show Parameter Settings Tables in Synthesis Report" option in "Analysis and Synthesis Settings -> More Settings" to "Off".


+-------------------------------+
; Analysis & Synthesis Messages ;
+-------------------------------+
Info: *******************************************************************
Info: Running Quartus II Analysis & Synthesis
    Info: Version 9.0 Build 132 02/25/2009 SJ Full Version
    Info: Processing started: Thu Jan 07 11:16:21 2010
Info: Command: quartus_map --read_settings_files=on --write_settings_files=off max2 -c max2
Info: Found 1 design units, including 1 entities, in source file music.v
    Info: Found entity 1: music
Info: Found 1 design units, including 1 entities, in source file note_synt.v
    Info: Found entity 1: note_synt
Warning: Using design file max2.bdf, which is not specified as a design file for the current project, but contains definitions for 1 design units and 1 entities in project
    Info: Found entity 1: max2
Info: Elaborating entity "max2" for the top level hierarchy
Warning: Pin "pt_right" not connected
Warning: Pin "pt_left" not connected
Warning: Pin "outside_gnd" not connected
Warning: Pin "outside_vcc" not connected
Info: Elaborating entity "music" for hierarchy "music:inst52"
Info: Elaborating entity "ALTUFM_NONE" for hierarchy "ALTUFM_NONE:inst50"
Info: Elaborated megafunction instantiation "ALTUFM_NONE:inst50"
Info: Instantiated megafunction "ALTUFM_NONE:inst50" with the following parameter:
    Info: Parameter "ERASE_TIME" = "500000000"
    Info: Parameter "LPM_FILE" = "UNUSED"
    Info: Parameter "OSC_FREQUENCY" = "180000"
    Info: Parameter "PROGRAM_TIME" = "1600000"
    Info: Parameter "WIDTH_UFM_ADDRESS" = "9"
Info: Found 1 design units, including 1 entities, in source file db/altufm_none_8hj.tdf
    Info: Found entity 1: altufm_none_8hj
Info: Elaborating entity "altufm_none_8hj" for hierarchy "ALTUFM_NONE:inst50|altufm_none_8hj:auto_generated"
Info: Elaborating entity "note_synt" for hierarchy "note_synt:inst1"
Warning: The following bidir pins have no drivers
    Warning: Bidir "dp" has no driver
    Warning: Bidir "dn" has no driver
Warning: Output pins are stuck at VCC or GND
    Warning (13410): Pin "f2[9]" is stuck at GND
    Warning (13410): Pin "f2[8]" is stuck at GND
    Warning (13410): Pin "f2[7]" is stuck at GND
    Warning (13410): Pin "f2[6]" is stuck at GND
    Warning (13410): Pin "f2[5]" is stuck at GND
    Warning (13410): Pin "f2[4]" is stuck at GND
    Warning (13410): Pin "f2[3]" is stuck at GND
    Warning (13410): Pin "f2[2]" is stuck at GND
    Warning (13410): Pin "f2[1]" is stuck at GND
    Warning (13410): Pin "f2[0]" is stuck at GND
    Warning (13410): Pin "f3[9]" is stuck at GND
    Warning (13410): Pin "f3[8]" is stuck at GND
    Warning (13410): Pin "f3[7]" is stuck at GND
    Warning (13410): Pin "f3[6]" is stuck at GND
    Warning (13410): Pin "f3[5]" is stuck at GND
    Warning (13410): Pin "f3[4]" is stuck at GND
    Warning (13410): Pin "f3[3]" is stuck at GND
    Warning (13410): Pin "f3[2]" is stuck at GND
    Warning (13410): Pin "f3[1]" is stuck at GND
    Warning (13410): Pin "f3[0]" is stuck at GND
    Warning (13410): Pin "f4[9]" is stuck at GND
    Warning (13410): Pin "f4[8]" is stuck at GND
    Warning (13410): Pin "f4[7]" is stuck at GND
    Warning (13410): Pin "f4[6]" is stuck at GND
    Warning (13410): Pin "f4[5]" is stuck at GND
    Warning (13410): Pin "f4[4]" is stuck at GND
    Warning (13410): Pin "f4[3]" is stuck at GND
    Warning (13410): Pin "f4[2]" is stuck at GND
    Warning (13410): Pin "f4[1]" is stuck at GND
    Warning (13410): Pin "f4[0]" is stuck at GND
    Warning (13410): Pin "f5[9]" is stuck at GND
    Warning (13410): Pin "f5[8]" is stuck at GND
    Warning (13410): Pin "f5[7]" is stuck at GND
    Warning (13410): Pin "f5[6]" is stuck at GND
    Warning (13410): Pin "f5[5]" is stuck at GND
    Warning (13410): Pin "f5[4]" is stuck at GND
    Warning (13410): Pin "f5[3]" is stuck at GND
    Warning (13410): Pin "f5[2]" is stuck at GND
    Warning (13410): Pin "f5[1]" is stuck at GND
    Warning (13410): Pin "f5[0]" is stuck at GND
    Warning (13410): Pin "led[7]" is stuck at GND
Warning: Design contains 9 input pin(s) that do not drive logic
    Warning (15610): No output dependent on input pin "key[2]"
    Warning (15610): No output dependent on input pin "key[1]"
    Warning (15610): No output dependent on input pin "key[0]"
    Warning (15610): No output dependent on input pin "pt_right"
    Warning (15610): No output dependent on input pin "pt_left"
    Warning (15610): No output dependent on input pin "outside_gnd[1]"
    Warning (15610): No output dependent on input pin "outside_gnd[0]"
    Warning (15610): No output dependent on input pin "outside_vcc[1]"
    Warning (15610): No output dependent on input pin "outside_vcc[0]"
Info: Implemented 193 device resources after synthesis - the final resource count might be different
    Info: Implemented 10 input pins
    Info: Implemented 68 output pins
    Info: Implemented 2 bidirectional pins
    Info: Implemented 112 logic cells
    Info: Implemented 1 User Flash Memory blocks
Info: Quartus II Analysis & Synthesis was successful. 0 errors, 60 warnings
    Info: Peak virtual memory: 172 megabytes
    Info: Processing ended: Thu Jan 07 11:16:22 2010
    Info: Elapsed time: 00:00:01
    Info: Total CPU time (on all processors): 00:00:02


